This is pdfTeX, Version 3.14159265-2.6-1.40.17 (MiKTeX 2.9) (preloaded format=latex 2016.10.7)  8 MAR 2017 00:15
entering extended mode
**"./Progress Report.tex"
("Progress Report.tex"
LaTeX2e <2016/03/31> patch level 3
Babel <3.9r> and hyphenation patterns for 75 language(s) loaded.
("C:\Program Files (x86)\MiKTeX 2.9\tex\latex\base\report.cls"
Document Class: report 2014/09/29 v1.4h Standard LaTeX document class
("C:\Program Files (x86)\MiKTeX 2.9\tex\latex\base\size12.clo"
File: size12.clo 2014/09/29 v1.4h Standard LaTeX file (size option)
)
\c@part=\count79
\c@chapter=\count80
\c@section=\count81
\c@subsection=\count82
\c@subsubsection=\count83
\c@paragraph=\count84
\c@subparagraph=\count85
\c@figure=\count86
\c@table=\count87
\abovecaptionskip=\skip41
\belowcaptionskip=\skip42
\bibindent=\dimen102
)
("C:\Program Files (x86)\MiKTeX 2.9\tex\latex\appendix\appendix.sty"
Package: appendix 2009/09/02 v1.2b extra appendix facilities
\c@@pps=\count88
\c@@ppsavesec=\count89
\c@@ppsaveapp=\count90
)
("C:\Program Files (x86)\MiKTeX 2.9\tex\latex\graphics\graphicx.sty"
Package: graphicx 2014/10/28 v1.0g Enhanced LaTeX Graphics (DPC,SPQR)

("C:\Program Files (x86)\MiKTeX 2.9\tex\latex\graphics\keyval.sty"
Package: keyval 2014/10/28 v1.15 key=value parser (DPC)
\KV@toks@=\toks14
)
("C:\Program Files (x86)\MiKTeX 2.9\tex\latex\graphics\graphics.sty"
Package: graphics 2016/07/10 v1.0t Standard LaTeX Graphics (DPC,SPQR)

("C:\Program Files (x86)\MiKTeX 2.9\tex\latex\graphics\trig.sty"
Package: trig 2016/01/03 v1.10 sin cos tan (DPC)
)
("C:\Program Files (x86)\MiKTeX 2.9\tex\latex\00miktex\graphics.cfg"
File: graphics.cfg 2016/06/04 v1.11 sample graphics configuration
)
Package graphics Info: Driver file: dvips.def on input line 99.

("C:\Program Files (x86)\MiKTeX 2.9\tex\latex\graphics-def\dvips.def"
File: dvips.def 2016/07/10 v3.1a Driver-dependent file (DPC,SPQR)
))
\Gin@req@height=\dimen103
\Gin@req@width=\dimen104
)
("C:\Program Files (x86)\MiKTeX 2.9\tex\latex\geometry\geometry.sty"
Package: geometry 2010/09/12 v5.6 Page Geometry

("C:\Program Files (x86)\MiKTeX 2.9\tex\generic\oberdiek\ifpdf.sty"
Package: ifpdf 2016/05/14 v3.1 Provides the ifpdf switch
)
("C:\Program Files (x86)\MiKTeX 2.9\tex\generic\oberdiek\ifvtex.sty"
Package: ifvtex 2016/05/16 v1.6 Detect VTeX and its facilities (HO)
Package ifvtex Info: VTeX not detected.
)
("C:\Program Files (x86)\MiKTeX 2.9\tex\generic\ifxetex\ifxetex.sty"
Package: ifxetex 2010/09/12 v0.6 Provides ifxetex conditional
)
\Gm@cnth=\count91
\Gm@cntv=\count92
\c@Gm@tempcnt=\count93
\Gm@bindingoffset=\dimen105
\Gm@wd@mp=\dimen106
\Gm@odd@mp=\dimen107
\Gm@even@mp=\dimen108
\Gm@layoutwidth=\dimen109
\Gm@layoutheight=\dimen110
\Gm@layouthoffset=\dimen111
\Gm@layoutvoffset=\dimen112
\Gm@dimlist=\toks15

("C:\Program Files (x86)\MiKTeX 2.9\tex\latex\geometry\geometry.cfg"))
("C:\Program Files (x86)\MiKTeX 2.9\tex\latex\tools\array.sty"
Package: array 2014/10/28 v2.4c Tabular extension package (FMi)
\col@sep=\dimen113
\extrarowheight=\dimen114
\NC@list=\toks16
\extratabsurround=\skip43
\backup@length=\skip44
)
("C:\Program Files (x86)\MiKTeX 2.9\tex\latex\multirow\multirow.sty"
\bigstrutjot=\dimen115
)
("C:\Program Files (x86)\MiKTeX 2.9\tex\latex\hyperref\hyperref.sty"
Package: hyperref 2016/06/24 v6.83q Hypertext links for LaTeX

("C:\Program Files (x86)\MiKTeX 2.9\tex\generic\oberdiek\hobsub-hyperref.sty"
Package: hobsub-hyperref 2016/05/16 v1.14 Bundle oberdiek, subset hyperref (HO)


("C:\Program Files (x86)\MiKTeX 2.9\tex\generic\oberdiek\hobsub-generic.sty"
Package: hobsub-generic 2016/05/16 v1.14 Bundle oberdiek, subset generic (HO)
Package: hobsub 2016/05/16 v1.14 Construct package bundles (HO)
Package: infwarerr 2016/05/16 v1.4 Providing info/warning/error messages (HO)
Package: ltxcmds 2016/05/16 v1.23 LaTeX kernel commands for general use (HO)
Package: ifluatex 2016/05/16 v1.4 Provides the ifluatex switch (HO)
Package ifluatex Info: LuaTeX not detected.
Package hobsub Info: Skipping package `ifvtex' (already loaded).
Package: intcalc 2016/05/16 v1.2 Expandable calculations with integers (HO)
Package hobsub Info: Skipping package `ifpdf' (already loaded).
Package: etexcmds 2016/05/16 v1.6 Avoid name clashes with e-TeX commands (HO)
Package etexcmds Info: Could not find \expanded.
(etexcmds)             That can mean that you are not using pdfTeX 1.50 or
(etexcmds)             that some package has redefined \expanded.
(etexcmds)             In the latter case, load this package earlier.
Package: kvsetkeys 2016/05/16 v1.17 Key value parser (HO)
Package: kvdefinekeys 2016/05/16 v1.4 Define keys (HO)
Package: pdftexcmds 2016/05/21 v0.22 Utility functions of pdfTeX for LuaTeX (HO
)
Package pdftexcmds Info: LuaTeX not detected.
Package pdftexcmds Info: \pdf@primitive is available.
Package pdftexcmds Info: \pdf@ifprimitive is available.
Package pdftexcmds Info: \pdfdraftmode is ignored in DVI mode.
Package: pdfescape 2016/05/16 v1.14 Implements pdfTeX's escape features (HO)
Package: bigintcalc 2016/05/16 v1.4 Expandable calculations on big integers (HO
)
Package: bitset 2016/05/16 v1.2 Handle bit-vector datatype (HO)
Package: uniquecounter 2016/05/16 v1.3 Provide unlimited unique counter (HO)
)
Package hobsub Info: Skipping package `hobsub' (already loaded).
Package: letltxmacro 2016/05/16 v1.5 Let assignment for LaTeX macros (HO)
Package: hopatch 2016/05/16 v1.3 Wrapper for package hooks (HO)
Package: xcolor-patch 2016/05/16 xcolor patch
Package: atveryend 2016/05/16 v1.9 Hooks at the very end of document (HO)
Package atveryend Info: \enddocument detected (standard20110627).
Package: atbegshi 2016/06/09 v1.18 At begin shipout hook (HO)
Package: refcount 2016/05/16 v3.5 Data extraction from label references (HO)
Package: hycolor 2016/05/16 v1.8 Color options for hyperref/bookmark (HO)
)
("C:\Program Files (x86)\MiKTeX 2.9\tex\latex\oberdiek\auxhook.sty"
Package: auxhook 2016/05/16 v1.4 Hooks for auxiliary files (HO)
)
("C:\Program Files (x86)\MiKTeX 2.9\tex\latex\oberdiek\kvoptions.sty"
Package: kvoptions 2016/05/16 v3.12 Key value format for package options (HO)
)
\@linkdim=\dimen116
\Hy@linkcounter=\count94
\Hy@pagecounter=\count95

("C:\Program Files (x86)\MiKTeX 2.9\tex\latex\hyperref\pd1enc.def"
File: pd1enc.def 2016/06/24 v6.83q Hyperref: PDFDocEncoding definition (HO)
)
\Hy@SavedSpaceFactor=\count96

("C:\Program Files (x86)\MiKTeX 2.9\tex\latex\00miktex\hyperref.cfg"
File: hyperref.cfg 2002/06/06 v1.2 hyperref configuration of TeXLive
)
Package hyperref Info: Hyper figures OFF on input line 4486.
Package hyperref Info: Link nesting OFF on input line 4491.
Package hyperref Info: Hyper index ON on input line 4494.
Package hyperref Info: Plain pages OFF on input line 4501.
Package hyperref Info: Backreferencing OFF on input line 4506.
Package hyperref Info: Implicit mode ON; LaTeX internals redefined.
Package hyperref Info: Bookmarks ON on input line 4735.
\c@Hy@tempcnt=\count97

("C:\Program Files (x86)\MiKTeX 2.9\tex\latex\url\url.sty"
\Urlmuskip=\muskip10
Package: url 2013/09/16  ver 3.4  Verb mode for urls, etc.
)
LaTeX Info: Redefining \url on input line 5088.
\XeTeXLinkMargin=\dimen117
\Fld@menulength=\count98
\Field@Width=\dimen118
\Fld@charsize=\dimen119
Package hyperref Info: Hyper figures OFF on input line 6342.
Package hyperref Info: Link nesting OFF on input line 6347.
Package hyperref Info: Hyper index ON on input line 6350.
Package hyperref Info: backreferencing OFF on input line 6357.
Package hyperref Info: Link coloring OFF on input line 6362.
Package hyperref Info: Link coloring with OCG OFF on input line 6367.
Package hyperref Info: PDF/A mode OFF on input line 6372.
LaTeX Info: Redefining \ref on input line 6412.
LaTeX Info: Redefining \pageref on input line 6416.
\Hy@abspage=\count99
\c@Item=\count100
\c@Hfootnote=\count101
)

Package hyperref Message: Driver (default): hdvips.

("C:\Program Files (x86)\MiKTeX 2.9\tex\latex\hyperref\hdvips.def"
File: hdvips.def 2016/06/24 v6.83q Hyperref driver for dvips

("C:\Program Files (x86)\MiKTeX 2.9\tex\latex\hyperref\pdfmark.def"
File: pdfmark.def 2016/06/24 v6.83q Hyperref definitions for pdfmark specials
\pdf@docset=\toks17
\pdf@box=\box26
\pdf@toks=\toks18
\pdf@defaulttoks=\toks19
\HyField@AnnotCount=\count102
\Fld@listcount=\count103
\c@bookmark@seq@number=\count104

("C:\Program Files (x86)\MiKTeX 2.9\tex\latex\oberdiek\rerunfilecheck.sty"
Package: rerunfilecheck 2016/05/16 v1.8 Rerun checks for auxiliary files (HO)
Package uniquecounter Info: New unique counter `rerunfilecheck' on input line 2
82.
)
\Hy@SectionHShift=\skip45
))
Package hyperref Info: Option `colorlinks' set `true' on input line 10.

("C:\Program Files (x86)\MiKTeX 2.9\tex\latex\oberdiek\hypcap.sty"
Package: hypcap 2016/05/16 v1.12 Adjusting the anchors of captions (HO)
)
("C:\Program Files (x86)\MiKTeX 2.9\tex\latex\csquotes\csquotes.sty"
Package: csquotes 2016/07/14 v5.1h context-sensitive quotations (JAW)

("C:\Program Files (x86)\MiKTeX 2.9\tex\latex\etoolbox\etoolbox.sty"
Package: etoolbox 2015/08/02 v2.2a e-TeX tools for LaTeX (JAW)
\etb@tempcnta=\count105
)
\csq@reset=\count106
\csq@gtype=\count107
\csq@glevel=\count108
\csq@qlevel=\count109
\csq@maxlvl=\count110
\csq@tshold=\count111
\csq@ltx@everypar=\toks20

("C:\Program Files (x86)\MiKTeX 2.9\tex\latex\csquotes\csquotes.def"
File: csquotes.def 2016/07/14 v5.1h csquotes generic definitions (JAW)
)
Package csquotes Info: Trying to load configuration file 'csquotes.cfg'...
Package csquotes Info: ... configuration file loaded successfully.

("C:\Program Files (x86)\MiKTeX 2.9\tex\latex\csquotes\csquotes.cfg"
File: csquotes.cfg 
))
("C:\Program Files (x86)\MiKTeX 2.9\tex\latex\subfig\subfig.sty"
Package: subfig 2005/06/28 ver: 1.3 subfig package

("C:\Program Files (x86)\MiKTeX 2.9\tex\latex\caption\caption.sty"
Package: caption 2016/02/21 v3.3-144 Customizing captions (AR)

("C:\Program Files (x86)\MiKTeX 2.9\tex\latex\caption\caption3.sty"
Package: caption3 2016/05/22 v1.7-166 caption3 kernel (AR)
Package caption3 Info: TeX engine: e-TeX on input line 67.
\captionmargin=\dimen120
\captionmargin@=\dimen121
\captionwidth=\dimen122
\caption@tempdima=\dimen123
\caption@indent=\dimen124
\caption@parindent=\dimen125
\caption@hangindent=\dimen126
)
\c@ContinuedFloat=\count112
Package caption Info: hyperref package is loaded.
Package caption Info: hypcap package is loaded.
)
\c@KVtest=\count113
\sf@farskip=\skip46
\sf@captopadj=\dimen127
\sf@capskip=\skip47
\sf@nearskip=\skip48
\c@subfigure=\count114
\c@subfigure@save=\count115
\c@lofdepth=\count116
\c@subtable=\count117
\c@subtable@save=\count118
\c@lotdepth=\count119
\sf@top=\skip49
\sf@bottom=\skip50
)
Package csquotes Info: Checking for multilingual support...
Package csquotes Info: ... none found.

("Progress Report.aux")
\openout1 = `"Progress Report.aux"'.

LaTeX Font Info:    Checking defaults for OML/cmm/m/it on input line 19.
LaTeX Font Info:    ... okay on input line 19.
LaTeX Font Info:    Checking defaults for T1/cmr/m/n on input line 19.
LaTeX Font Info:    ... okay on input line 19.
LaTeX Font Info:    Checking defaults for OT1/cmr/m/n on input line 19.
LaTeX Font Info:    ... okay on input line 19.
LaTeX Font Info:    Checking defaults for OMS/cmsy/m/n on input line 19.
LaTeX Font Info:    ... okay on input line 19.
LaTeX Font Info:    Checking defaults for OMX/cmex/m/n on input line 19.
LaTeX Font Info:    ... okay on input line 19.
LaTeX Font Info:    Checking defaults for U/cmr/m/n on input line 19.
LaTeX Font Info:    ... okay on input line 19.
LaTeX Font Info:    Checking defaults for PD1/pdf/m/n on input line 19.
LaTeX Font Info:    ... okay on input line 19.

*geometry* driver: auto-detecting
*geometry* detected driver: dvips
*geometry* verbose mode - [ preamble ] result:
* driver: dvips
* paper: a4paper
* layout: <same size as paper>
* layoutoffset:(h,v)=(0.0pt,0.0pt)
* modes: 
* h-part:(L,W,R)=(85.35826pt, 426.79135pt, 85.35826pt)
* v-part:(T,H,B)=(85.35826pt, 674.33032pt, 85.35826pt)
* \paperwidth=597.50787pt
* \paperheight=845.04684pt
* \textwidth=426.79135pt
* \textheight=674.33032pt
* \oddsidemargin=13.08827pt
* \evensidemargin=13.08827pt
* \topmargin=-23.91173pt
* \headheight=12.0pt
* \headsep=25.0pt
* \topskip=12.0pt
* \footskip=30.0pt
* \marginparwidth=35.0pt
* \marginparsep=10.0pt
* \columnsep=10.0pt
* \skip\footins=10.8pt plus 4.0pt minus 2.0pt
* \hoffset=0.0pt
* \voffset=0.0pt
* \mag=1000
* \@twocolumnfalse
* \@twosidefalse
* \@mparswitchfalse
* \@reversemarginfalse
* (1in=72.27pt=25.4mm, 1cm=28.453pt)

\AtBeginShipoutBox=\box27
("C:\Program Files (x86)\MiKTeX 2.9\tex\latex\graphics\color.sty"
Package: color 2016/07/10 v1.1e Standard LaTeX Color (DPC)

("C:\Program Files (x86)\MiKTeX 2.9\tex\latex\00miktex\color.cfg"
File: color.cfg 2016/01/02 v1.6 sample color configuration
)
Package color Info: Driver file: dvips.def on input line 147.

("C:\Program Files (x86)\MiKTeX 2.9\tex\latex\graphics\dvipsnam.def"
File: dvipsnam.def 2016/06/17 v3.0m Driver-dependent file (DPC,SPQR)
))
Package hyperref Info: Link coloring ON on input line 19.

("C:\Program Files (x86)\MiKTeX 2.9\tex\latex\hyperref\nameref.sty"
Package: nameref 2016/05/21 v2.44 Cross-referencing by name of section

("C:\Program Files (x86)\MiKTeX 2.9\tex\generic\oberdiek\gettitlestring.sty"
Package: gettitlestring 2016/05/16 v1.5 Cleanup title references (HO)
)
\c@section@level=\count120
)
LaTeX Info: Redefining \ref on input line 19.
LaTeX Info: Redefining \pageref on input line 19.
LaTeX Info: Redefining \nameref on input line 19.

("Progress Report.out") ("Progress Report.out")
\@outlinefile=\write3
\openout3 = `"Progress Report.out"'.

Package caption Info: Begin \AtBeginDocument code.
Package caption Info: subfig package v1.3 is loaded.
Package caption Info: End \AtBeginDocument code.
 [1

] [1] ("Progress Report.toc"
LaTeX Font Info:    External font `cmex10' loaded for size
(Font)              <12> on input line 4.
LaTeX Font Info:    External font `cmex10' loaded for size
(Font)              <8> on input line 4.
LaTeX Font Info:    External font `cmex10' loaded for size
(Font)              <6> on input line 4.

[1

]
Overfull \hbox (140.25418pt too wide) in paragraph at lines 46--46
 [][][] [] [][]  
 []

)
\tf@toc=\write4
\openout4 = `"Progress Report.toc"'.

 [2]
Chapter 1.
[3

]
LaTeX Font Info:    External font `cmex10' loaded for size
(Font)              <7> on input line 124.
LaTeX Font Info:    External font `cmex10' loaded for size
(Font)              <5> on input line 124.


! LaTeX Error: File `gamification-trend' not found.

See the LaTeX manual or LaTeX Companion for explanation.
Type  H <return>  for immediate help.
 ...                                              
                                                  
l.128 ...egraphics[width=12cm]{gamification-trend}
                                                  
I could not locate the file with any of these extensions:
.eps,.ps,.eps.gz,.ps.gz,.eps.Z,.mps
Try typing  <return>  to proceed.
If that doesn't work, type  X <return>  to quit.

Missing character: There is no √ in font cmr12!
Missing character: There is no Ø in font cmr12!
Missing character: There is no ¬ in font cmr12!
Missing character: There is no ¨ in font cmr12!
Missing character: There is no Ô in font cmr12!
Missing character: There is no ø in font cmr12!
Missing character: There is no Ω in font cmr12!
[4]

! LaTeX Error: File `smlg' not found.

See the LaTeX manual or LaTeX Companion for explanation.
Type  H <return>  for immediate help.
 ...                                              
                                                  
l.148 \includegraphics[width=\textwidth]{smlg}
                                              
I could not locate the file with any of these extensions:
.eps,.ps,.eps.gz,.ps.gz,.eps.Z,.mps
Try typing  <return>  to proceed.
If that doesn't work, type  X <return>  to quit.


LaTeX Warning: Reference `Field Survey and Review' on page 5 undefined on input
 line 153.

[5] [6] [7]
Chapter 2.

! LaTeX Error: File `dsrm' not found.

See the LaTeX manual or LaTeX Companion for explanation.
Type  H <return>  for immediate help.
 ...                                              
                                                  
l.240 ... \includegraphics[width=\textwidth]{dsrm}
                                                  
I could not locate the file with any of these extensions:
.eps,.ps,.eps.gz,.ps.gz,.eps.Z,.mps
Try typing  <return>  to proceed.
If that doesn't work, type  X <return>  to quit.

[8

] [9] [10]

Package hyperref Warning: No autoref name for `Appendix' on input line 291.

[11] [12]
Overfull \hbox (3.86331pt too wide) in paragraph at lines 337--337
[][]|\OT1/cmr/m/n/12 Motivations|  
 []


Overfull \vbox (14.5pt too high) detected at line 341
 []


Overfull \vbox (29.0pt too high) detected at line 345
 []


LaTeX Warning: Reference `Software Modelling Teaching' on page 13 undefined on 
input line 359.


LaTeX Warning: Reference `Software Modelling Teaching' on page 13 undefined on 
input line 369.


LaTeX Warning: Reference `Software Modelling Teaching' on page 13 undefined on 
input line 369.


Underfull \hbox (badness 1377) in paragraph at lines 379--380
[]|\OT1/cmr/m/n/12 Teach Mod-elling, meta-mod-elling, model val-i-da-tion,
 []


Overfull \vbox (29.0pt too high) detected at line 384
 []


Overfull \vbox (14.5pt too high) detected at line 396
 []


LaTeX Warning: Reference `Pedagogy' on page 13 undefined on input line 410.

[13]

! LaTeX Error: File `learning-models' not found.

See the LaTeX manual or LaTeX Companion for explanation.
Type  H <return>  for immediate help.
 ...                                              
                                                  
l.416 ...aphics[width=\textwidth]{learning-models}
                                                  
I could not locate the file with any of these extensions:
.eps,.ps,.eps.gz,.ps.gz,.eps.Z,.mps
Try typing  <return>  to proceed.
If that doesn't work, type  X <return>  to quit.

[14]

! LaTeX Error: File `learning-models2' not found.

See the LaTeX manual or LaTeX Companion for explanation.
Type  H <return>  for immediate help.
 ...                                              
                                                  
l.423 ...phics[width=\textwidth]{learning-models2}
                                                  
I could not locate the file with any of these extensions:
.eps,.ps,.eps.gz,.ps.gz,.eps.Z,.mps
Try typing  <return>  to proceed.
If that doesn't work, type  X <return>  to quit.

[15]
Overfull \vbox (14.5pt too high) detected at line 446
 []


Overfull \hbox (2.71083pt too wide) in paragraph at lines 447--447
[]|[]\OT1/cmr/m/n/12 RM01| 
 []


Overfull \hbox (2.71083pt too wide) in paragraph at lines 448--448
[]|\OT1/cmr/m/n/12 RM02| 
 []


Overfull \hbox (2.71083pt too wide) in paragraph at lines 449--449
[]|\OT1/cmr/m/n/12 RM03| 
 []


Overfull \hbox (2.71083pt too wide) in paragraph at lines 450--450
[]|\OT1/cmr/m/n/12 RM04| 
 []


Overfull \hbox (2.71083pt too wide) in paragraph at lines 451--451
[]|\OT1/cmr/m/n/12 RM05| 
 []

[16] [17]

! LaTeX Error: File `editor' not found.

See the LaTeX manual or LaTeX Companion for explanation.
Type  H <return>  for immediate help.
 ...                                              
                                                  
l.478 ...ncludegraphics[width=\textwidth]{editor}}
                                                  
I could not locate the file with any of these extensions:
.eps,.ps,.eps.gz,.ps.gz,.eps.Z,.mps
Try typing  <return>  to proceed.
If that doesn't work, type  X <return>  to quit.


! LaTeX Error: File `game-annotated' not found.

See the LaTeX manual or LaTeX Companion for explanation.
Type  H <return>  for immediate help.
 ...                                              
                                                  
l.485 ...aphics[width=\textwidth]{game-annotated}}
                                                  
I could not locate the file with any of these extensions:
.eps,.ps,.eps.gz,.ps.gz,.eps.Z,.mps
Try typing  <return>  to proceed.
If that doesn't work, type  X <return>  to quit.

[18] [19]
Chapter 3.

! LaTeX Error: File `timetable' not found.

See the LaTeX manual or LaTeX Companion for explanation.
Type  H <return>  for immediate help.
 ...                                              
                                                  
l.508 ...ludegraphics[width=\textwidth]{timetable}
                                                  
I could not locate the file with any of these extensions:
.eps,.ps,.eps.gz,.ps.gz,.eps.Z,.mps
Try typing  <return>  to proceed.
If that doesn't work, type  X <return>  to quit.

[20

]
Chapter 4.
("Progress Report.bbl" [21

] [22]) [23]
Chapter 5.
[24

]
Appendix A.
Missing character: There is no √ in font cmbx12!
Missing character: There is no Ç in font cmbx12!
Missing character: There is no ¬ in font cmbx12!
Missing character: There is no ≠ in font cmbx12!
LaTeX Font Info:    Try loading font information for OMS+cmr on input line 539.

("C:\Program Files (x86)\MiKTeX 2.9\tex\latex\base\omscmr.fd"
File: omscmr.fd 2014/09/29 v2.5h Standard LaTeX font definitions
)
LaTeX Font Info:    Font shape `OMS/cmr/m/n' in size <12> not available
(Font)              Font shape `OMS/cmsy/m/n' tried instead on input line 539.
Missing character: There is no √ in font cmr12!
Missing character: There is no Ç in font cmr12!
Missing character: There is no ¬ in font cmr12!
Missing character: There is no ≠ in font cmr12!
Missing character: There is no √ in font cmbx12!
Missing character: There is no Ç in font cmbx12!
Missing character: There is no ¬ in font cmbx12!
Missing character: There is no ≠ in font cmbx12!
Missing character: There is no √ in font cmr12!
Missing character: There is no Ç in font cmr12!
Missing character: There is no ¬ in font cmr12!
Missing character: There is no ≠ in font cmr12!
Missing character: There is no √ in font cmr12!
Missing character: There is no Ç in font cmr12!
Missing character: There is no ¬ in font cmr12!
Missing character: There is no ≠ in font cmr12!
Missing character: There is no √ in font cmr12!
Missing character: There is no Ç in font cmr12!
Missing character: There is no ¬ in font cmr12!
Missing character: There is no ≠ in font cmr12!
Missing character: There is no √ in font cmr12!
Missing character: There is no Ç in font cmr12!
Missing character: There is no ¬ in font cmr12!
Missing character: There is no ≠ in font cmr12!
Missing character: There is no √ in font cmbx12!
Missing character: There is no Ç in font cmbx12!
Missing character: There is no ¬ in font cmbx12!
Missing character: There is no ≠ in font cmbx12!
Missing character: There is no √ in font cmr12!
Missing character: There is no Ç in font cmr12!
Missing character: There is no ¬ in font cmr12!
Missing character: There is no ≠ in font cmr12!
 [25

]
Missing character: There is no √ in font cmr12!
Missing character: There is no Ç in font cmr12!
Missing character: There is no ¬ in font cmr12!
Missing character: There is no ≠ in font cmr12!
Missing character: There is no √ in font cmbx12!
Missing character: There is no ¢ in font cmbx12!
Missing character: There is no ‚ in font cmbx12!
Missing character: There is no Ç in font cmbx12!
Missing character: There is no ¨ in font cmbx12!
Missing character: There is no ‚ in font cmbx12!
Missing character: There is no Ñ in font cmbx12!
Missing character: There is no ¢ in font cmbx12!
Missing character: There is no √ in font cmbx12!
Missing character: There is no Ç in font cmbx12!
Missing character: There is no ¬ in font cmbx12!
Missing character: There is no ≠ in font cmbx12!
Missing character: There is no √ in font cmbx12!
Missing character: There is no Ç in font cmbx12!
Missing character: There is no ¬ in font cmbx12!
Missing character: There is no ≠ in font cmbx12!
Missing character: There is no √ in font cmr12!
Missing character: There is no Ç in font cmr12!
Missing character: There is no ¬ in font cmr12!
Missing character: There is no ≠ in font cmr12!
Missing character: There is no √ in font cmr12!
Missing character: There is no Ç in font cmr12!
Missing character: There is no ¬ in font cmr12!
Missing character: There is no ≠ in font cmr12!
Missing character: There is no √ in font cmr12!
Missing character: There is no Ç in font cmr12!
Missing character: There is no ¬ in font cmr12!
Missing character: There is no ≠ in font cmr12!
Missing character: There is no √ in font cmbx12!
Missing character: There is no Ç in font cmbx12!
Missing character: There is no ¬ in font cmbx12!
Missing character: There is no ≠ in font cmbx12!
Missing character: There is no √ in font cmr12!
Missing character: There is no Ç in font cmr12!
Missing character: There is no ¬ in font cmr12!
Missing character: There is no ≠ in font cmr12!
 [26]
Missing character: There is no √ in font cmr12!
Missing character: There is no Ç in font cmr12!
Missing character: There is no ¬ in font cmr12!
Missing character: There is no ≠ in font cmr12!
Missing character: There is no √ in font cmbx12!
Missing character: There is no Ç in font cmbx12!
Missing character: There is no ¬ in font cmbx12!
Missing character: There is no ≠ in font cmbx12!
Missing character: There is no √ in font cmbx12!
Missing character: There is no Ç in font cmbx12!
Missing character: There is no ¬ in font cmbx12!
Missing character: There is no ≠ in font cmbx12!
Missing character: There is no √ in font cmr12!
Missing character: There is no Ç in font cmr12!
Missing character: There is no ¬ in font cmr12!
Missing character: There is no ≠ in font cmr12!
Missing character: There is no √ in font cmr12!
Missing character: There is no Ç in font cmr12!
Missing character: There is no ¬ in font cmr12!
Missing character: There is no ≠ in font cmr12!
Missing character: There is no √ in font cmr12!
Missing character: There is no Ç in font cmr12!
Missing character: There is no ¬ in font cmr12!
Missing character: There is no ≠ in font cmr12!
Missing character: There is no √ in font cmr12!
Missing character: There is no ç in font cmr12!
Missing character: There is no ¬ in font cmr12!
Missing character: There is no æ in font cmr12!

[27] [28]
Appendix B.

Overfull \hbox (9.71245pt too wide) in paragraph at lines 642--643
[]\OT1/cmr/m/n/12 Computer Sci-ence Un-der-grad-u-ate Stu-dents with some knowl
-edge of object-orientation,
 []

[29

] [30]
Overfull \hbox (10.79161pt too wide) in paragraph at lines 683--684
[][]\OT1/cmr/m/n/12 Perform ab-strac-tion/identify rel-e-vant con-cepts (classe
s, re-la-tion-ships, at-tributes)
 []

[31]
Missing character: There is no √ in font cmr12!
Missing character: There is no Ø in font cmr12!
Missing character: There is no ¬ in font cmr12!
Missing character: There is no ¨ in font cmr12!
Missing character: There is no Ô in font cmr12!
Missing character: There is no ø in font cmr12!
Missing character: There is no Ω in font cmr12!
 [32]
Overfull \hbox (1.52226pt too wide) in paragraph at lines 761--762
[]\OT1/cmr/m/n/12 Bite sized ac-tions, in-ter-est-ing choices, lim-ited choices
, micro-flow, small pieces loosely
 []

[33] [34]
Appendix C.

! LaTeX Error: File `storyboard01' not found.

See the LaTeX manual or LaTeX Companion for explanation.
Type  H <return>  for immediate help.
 ...                                              
                                                  
l.819 ...egraphics[width=7.16cm]{storyboard01}} }}
                                                  
I could not locate the file with any of these extensions:
.eps,.ps,.eps.gz,.ps.gz,.eps.Z,.mps
Try typing  <return>  to proceed.
If that doesn't work, type  X <return>  to quit.


Overfull \hbox (4.94456pt too wide) in paragraph at lines 819--819
[]\OT1/cmr/m/n/10 (a)
 []


Overfull \hbox (15.08345pt too wide) in paragraph at lines 819--819
|\OT1/cmr/m/n/10 Level
 []


Overfull \hbox (2.16678pt too wide) in paragraph at lines 819--819
\OT1/cmr/m/n/10 01| 
 []


! LaTeX Error: File `storyboard02' not found.

See the LaTeX manual or LaTeX Companion for explanation.
Type  H <return>  for immediate help.
 ...                                              
                                                  
l.821 ...egraphics[width=7.16cm]{storyboard02}} }}
                                                  
I could not locate the file with any of these extensions:
.eps,.ps,.eps.gz,.ps.gz,.eps.Z,.mps
Try typing  <return>  to proceed.
If that doesn't work, type  X <return>  to quit.


Overfull \hbox (5.50012pt too wide) in paragraph at lines 821--821
[]\OT1/cmr/m/n/10 (b)
 []


Overfull \hbox (15.08345pt too wide) in paragraph at lines 821--821
|\OT1/cmr/m/n/10 Level
 []


Overfull \hbox (2.16678pt too wide) in paragraph at lines 821--821
\OT1/cmr/m/n/10 02| 
 []


! LaTeX Error: File `storyboard03' not found.

See the LaTeX manual or LaTeX Companion for explanation.
Type  H <return>  for immediate help.
 ...                                              
                                                  
l.823 ...egraphics[width=7.16cm]{storyboard03}} }}
                                                  
I could not locate the file with any of these extensions:
.eps,.ps,.eps.gz,.ps.gz,.eps.Z,.mps
Try typing  <return>  to proceed.
If that doesn't work, type  X <return>  to quit.


Overfull \hbox (4.38899pt too wide) in paragraph at lines 823--823
[]\OT1/cmr/m/n/10 (c)
 []


Overfull \hbox (15.08345pt too wide) in paragraph at lines 823--823
|\OT1/cmr/m/n/10 Level
 []


Overfull \hbox (2.16678pt too wide) in paragraph at lines 823--823
\OT1/cmr/m/n/10 03| 
 []


! LaTeX Error: File `storyboard04' not found.

See the LaTeX manual or LaTeX Companion for explanation.
Type  H <return>  for immediate help.
 ...                                              
                                                  
l.825 ...egraphics[width=7.16cm]{storyboard04}} }}
                                                  
I could not locate the file with any of these extensions:
.eps,.ps,.eps.gz,.ps.gz,.eps.Z,.mps
Try typing  <return>  to proceed.
If that doesn't work, type  X <return>  to quit.


Overfull \hbox (5.50012pt too wide) in paragraph at lines 825--825
[]\OT1/cmr/m/n/10 (d)
 []


Overfull \hbox (15.08345pt too wide) in paragraph at lines 825--825
|\OT1/cmr/m/n/10 Level
 []


Overfull \hbox (2.16678pt too wide) in paragraph at lines 825--825
\OT1/cmr/m/n/10 04| 
 []


! LaTeX Error: File `storyboard05' not found.

See the LaTeX manual or LaTeX Companion for explanation.
Type  H <return>  for immediate help.
 ...                                              
                                                  
l.827 ...egraphics[width=7.16cm]{storyboard05}} }}
                                                  
I could not locate the file with any of these extensions:
.eps,.ps,.eps.gz,.ps.gz,.eps.Z,.mps
Try typing  <return>  to proceed.
If that doesn't work, type  X <return>  to quit.


Overfull \hbox (4.38899pt too wide) in paragraph at lines 827--827
[]\OT1/cmr/m/n/10 (e)
 []


Overfull \hbox (15.08345pt too wide) in paragraph at lines 827--827
|\OT1/cmr/m/n/10 Level
 []


Overfull \hbox (2.16678pt too wide) in paragraph at lines 827--827
\OT1/cmr/m/n/10 05| 
 []


! LaTeX Error: File `storyboard06' not found.

See the LaTeX manual or LaTeX Companion for explanation.
Type  H <return>  for immediate help.
 ...                                              
                                                  
l.829 ...egraphics[width=7.16cm]{storyboard06}} }}
                                                  
I could not locate the file with any of these extensions:
.eps,.ps,.eps.gz,.ps.gz,.eps.Z,.mps
Try typing  <return>  to proceed.
If that doesn't work, type  X <return>  to quit.


Overfull \hbox (3.77791pt too wide) in paragraph at lines 829--829
[]\OT1/cmr/m/n/10 (f)
 []


Overfull \hbox (15.08345pt too wide) in paragraph at lines 829--829
|\OT1/cmr/m/n/10 Level
 []


Overfull \hbox (2.16678pt too wide) in paragraph at lines 829--829
\OT1/cmr/m/n/10 06| 
 []


! LaTeX Error: File `storyboard07' not found.

See the LaTeX manual or LaTeX Companion for explanation.
Type  H <return>  for immediate help.
 ...                                              
                                                  
l.840 ...egraphics[width=7.16cm]{storyboard07}} }}
                                                  
I could not locate the file with any of these extensions:
.eps,.ps,.eps.gz,.ps.gz,.eps.Z,.mps
Try typing  <return>  to proceed.
If that doesn't work, type  X <return>  to quit.


Overfull \hbox (4.94456pt too wide) in paragraph at lines 840--840
[]\OT1/cmr/m/n/10 (a)
 []


Overfull \hbox (15.08345pt too wide) in paragraph at lines 840--840
|\OT1/cmr/m/n/10 Level
 []


Overfull \hbox (2.16678pt too wide) in paragraph at lines 840--840
\OT1/cmr/m/n/10 07| 
 []


! LaTeX Error: File `storyboard08' not found.

See the LaTeX manual or LaTeX Companion for explanation.
Type  H <return>  for immediate help.
 ...                                              
                                                  
l.842 ...egraphics[width=7.16cm]{storyboard08}} }}
                                                  
I could not locate the file with any of these extensions:
.eps,.ps,.eps.gz,.ps.gz,.eps.Z,.mps
Try typing  <return>  to proceed.
If that doesn't work, type  X <return>  to quit.


Overfull \hbox (5.50012pt too wide) in paragraph at lines 842--842
[]\OT1/cmr/m/n/10 (b)
 []


Overfull \hbox (15.08345pt too wide) in paragraph at lines 842--842
|\OT1/cmr/m/n/10 Level
 []


Overfull \hbox (2.16678pt too wide) in paragraph at lines 842--842
\OT1/cmr/m/n/10 08| 
 []


! LaTeX Error: File `storyboard09' not found.

See the LaTeX manual or LaTeX Companion for explanation.
Type  H <return>  for immediate help.
 ...                                              
                                                  
l.844 ...egraphics[width=7.16cm]{storyboard09}} }}
                                                  
I could not locate the file with any of these extensions:
.eps,.ps,.eps.gz,.ps.gz,.eps.Z,.mps
Try typing  <return>  to proceed.
If that doesn't work, type  X <return>  to quit.


Overfull \hbox (4.38899pt too wide) in paragraph at lines 844--844
[]\OT1/cmr/m/n/10 (c)
 []


Overfull \hbox (15.08345pt too wide) in paragraph at lines 844--844
|\OT1/cmr/m/n/10 Level
 []


Overfull \hbox (2.16678pt too wide) in paragraph at lines 844--844
\OT1/cmr/m/n/10 09| 
 []


! LaTeX Error: File `storyboard10' not found.

See the LaTeX manual or LaTeX Companion for explanation.
Type  H <return>  for immediate help.
 ...                                              
                                                  
l.846 ...egraphics[width=7.16cm]{storyboard10}} }}
                                                  
I could not locate the file with any of these extensions:
.eps,.ps,.eps.gz,.ps.gz,.eps.Z,.mps
Try typing  <return>  to proceed.
If that doesn't work, type  X <return>  to quit.


Overfull \hbox (5.50012pt too wide) in paragraph at lines 846--846
[]\OT1/cmr/m/n/10 (d)
 []


Overfull \hbox (15.08345pt too wide) in paragraph at lines 846--846
|\OT1/cmr/m/n/10 Level
 []


Overfull \hbox (2.16678pt too wide) in paragraph at lines 846--846
\OT1/cmr/m/n/10 10| 
 []


! LaTeX Error: File `storyboard11' not found.

See the LaTeX manual or LaTeX Companion for explanation.
Type  H <return>  for immediate help.
 ...                                              
                                                  
l.848 ...egraphics[width=7.16cm]{storyboard11}} }}
                                                  
I could not locate the file with any of these extensions:
.eps,.ps,.eps.gz,.ps.gz,.eps.Z,.mps
Try typing  <return>  to proceed.
If that doesn't work, type  X <return>  to quit.


Overfull \hbox (4.38899pt too wide) in paragraph at lines 848--848
[]\OT1/cmr/m/n/10 (e)
 []


Overfull \hbox (15.08345pt too wide) in paragraph at lines 848--848
|\OT1/cmr/m/n/10 Level
 []


Overfull \hbox (2.16678pt too wide) in paragraph at lines 848--848
\OT1/cmr/m/n/10 11| 
 []


! LaTeX Error: File `storyboard12' not found.

See the LaTeX manual or LaTeX Companion for explanation.
Type  H <return>  for immediate help.
 ...                                              
                                                  
l.850 ...egraphics[width=7.16cm]{storyboard12}} }}
                                                  
I could not locate the file with any of these extensions:
.eps,.ps,.eps.gz,.ps.gz,.eps.Z,.mps
Try typing  <return>  to proceed.
If that doesn't work, type  X <return>  to quit.


Overfull \hbox (3.77791pt too wide) in paragraph at lines 850--850
[]\OT1/cmr/m/n/10 (f)
 []


Overfull \hbox (15.08345pt too wide) in paragraph at lines 850--850
|\OT1/cmr/m/n/10 Level
 []


Overfull \hbox (2.16678pt too wide) in paragraph at lines 850--850
\OT1/cmr/m/n/10 12| 
 []

Package atveryend Info: Empty hook `BeforeClearDocument' on input line 858.
[35

] [36]
Package atveryend Info: Empty hook `AfterLastShipout' on input line 858.
 ("Progress Report.aux")
Package atveryend Info: Empty hook `AtVeryEndDocument' on input line 858.
Package atveryend Info: Executing hook `AtEndAfterFileList' on input line 858.
Package rerunfilecheck Info: File `"Progress Report".out' has not changed.
(rerunfilecheck)             Checksum: A2BB532DD6D21A407E5640BF8A8439CF;2667.


LaTeX Warning: There were undefined references.

Package atveryend Info: Empty hook `AtVeryVeryEnd' on input line 858.
 ) 
Here is how much of TeX's memory you used:
 7602 strings out of 493335
 117275 string characters out of 3136701
 236276 words of memory out of 3000000
 11009 multiletter control sequences out of 15000+200000
 9015 words of font info for 32 fonts, out of 3000000 for 9000
 1141 hyphenation exceptions out of 8191
 44i,11n,50p,1164b,562s stack positions out of 5000i,500n,10000p,200000b,50000s

Output written on "Progress Report.dvi" (38 pages, 190156 bytes).
