\BOOKMARK [0][-]{Doc-Start}{Abstract}{}% 1
\BOOKMARK [0][-]{chapter*.1}{Contents}{}% 2
\BOOKMARK [0][-]{chapter.1}{Introduction}{}% 3
\BOOKMARK [1][-]{section.1.1}{Background}{chapter.1}% 4
\BOOKMARK [1][-]{section.1.2}{Research Questions}{chapter.1}% 5
\BOOKMARK [1][-]{section.1.3}{Research Objectives}{chapter.1}% 6
\BOOKMARK [1][-]{section.1.4}{Research Outputs}{chapter.1}% 7
\BOOKMARK [1][-]{section.1.5}{Research Scoping}{chapter.1}% 8
\BOOKMARK [0][-]{chapter.2}{Progress Review}{}% 9
\BOOKMARK [1][-]{section.2.1}{Research Methods}{chapter.2}% 10
\BOOKMARK [1][-]{section.2.2}{Identify Problems and Motivation}{chapter.2}% 11
\BOOKMARK [2][-]{subsection.2.2.1}{Problems and Motivation}{section.2.2}% 12
\BOOKMARK [1][-]{section.2.3}{Define Objective for a Solution}{chapter.2}% 13
\BOOKMARK [2][-]{subsection.2.3.1}{Requirements from a Survey}{section.2.3}% 14
\BOOKMARK [2][-]{subsection.2.3.2}{Requirements from Literature Review}{section.2.3}% 15
\BOOKMARK [1][-]{section.2.4}{Design and Development}{chapter.2}% 16
\BOOKMARK [2][-]{subsection.2.4.1}{Design}{section.2.4}% 17
\BOOKMARK [2][-]{subsection.2.4.2}{Development}{section.2.4}% 18
\BOOKMARK [1][-]{section.2.5}{Demonstration and Evaluation}{chapter.2}% 19
\BOOKMARK [1][-]{section.2.6}{Communication}{chapter.2}% 20
\BOOKMARK [0][-]{chapter.3}{Research Plan}{}% 21
\BOOKMARK [0][-]{chapter.4}{References}{}% 22
\BOOKMARK [0][-]{chapter.5}{Publications}{}% 23
\BOOKMARK [0][-]{Appendix.a.A}{Appendix Preliminary Survey Data}{}% 24
\BOOKMARK [0][-]{Appendix.a.B}{Appendix Application of Deterding's Gameful Design Steps}{}% 25
\BOOKMARK [1][-]{section.a.B.1}{Strategy}{Appendix.a.B}% 26
\BOOKMARK [2][-]{subsection.a.B.1.1}{Define Target Outcome and Metrics}{section.a.B.1}% 27
\BOOKMARK [2][-]{subsection.a.B.1.2}{Define Target Users, Context, Activities}{section.a.B.1}% 28
\BOOKMARK [2][-]{subsection.a.B.1.3}{Identify Constraints and Requirements}{section.a.B.1}% 29
\BOOKMARK [1][-]{section.a.B.2}{Research}{Appendix.a.B}% 30
\BOOKMARK [2][-]{subsection.a.B.2.1}{Translate Users Activities into Behaviour Chains}{section.a.B.2}% 31
\BOOKMARK [2][-]{subsection.a.B.2.2}{Identify User Needs, Motivations, challenges}{section.a.B.2}% 32
\BOOKMARK [2][-]{subsection.a.B.2.3}{Determine Gameful Design Fit}{section.a.B.2}% 33
\BOOKMARK [1][-]{section.a.B.3}{Synthesis}{Appendix.a.B}% 34
\BOOKMARK [2][-]{subsection.a.B.3.1}{Formulate Activity, Challenge, Motivation Triplets for Opportune Activities or Behaviours}{section.a.B.3}% 35
\BOOKMARK [1][-]{section.a.B.4}{Ideation}{Appendix.a.B}% 36
\BOOKMARK [2][-]{subsection.a.B.4.1}{Brainstorming Ideas using Innovation Stems}{section.a.B.4}% 37
\BOOKMARK [2][-]{subsection.a.B.4.2}{Prioritise Ideas}{section.a.B.4}% 38
\BOOKMARK [1][-]{section.a.B.5}{Iterative Prototyping}{Appendix.a.B}% 39
\BOOKMARK [0][-]{Appendix.a.C}{Appendix Storyboard}{}% 40
